<?xml version="1.0" encoding="UTF-8"?>
<!-- Generated by org.testng.reporters.JUnitReportReporter -->
<testsuite skipped="0" hostname="User9-Pc" name="Shivam_Demo_Selenium.SignInTesting" tests="1" failures="0" timestamp="11 Oct 2017 06:27:46 GMT" time="4.053" errors="0">
  <testcase name="signinTest" time="4.053" classname="Shivam_Demo_Selenium.SignInTesting"/>
</testsuite> <!-- Shivam_Demo_Selenium.SignInTesting -->
