<?xml version="1.0" encoding="UTF-8"?>
<!-- Generated by org.testng.reporters.JUnitReportReporter -->
<testsuite skipped="0" hostname="User9-Pc" name="Shivam_Demo_Selenium.NewTest" tests="2" failures="0" timestamp="11 Oct 2017 12:42:08 GMT" time="19.680" errors="0">
  <testcase name="test2" time="14.664" classname="Shivam_Demo_Selenium.NewTest"/>
  <testcase name="test1" time="5.016" classname="Shivam_Demo_Selenium.NewTest"/>
</testsuite> <!-- Shivam_Demo_Selenium.NewTest -->
