<?xml version="1.0" encoding="UTF-8"?>
<!-- Generated by org.testng.reporters.JUnitReportReporter -->
<testsuite skipped="0" hostname="User9-Pc" name="Shivam_Demo_Selenium.SignInTesting" tests="1" failures="0" timestamp="10 Oct 2017 11:58:25 GMT" time="3.917" errors="0">
  <testcase name="signinTest" time="3.917" classname="Shivam_Demo_Selenium.SignInTesting"/>
</testsuite> <!-- Shivam_Demo_Selenium.SignInTesting -->
